{
  "RSpec": {
    "coverage": {
      "/Users/student/Desktop/bank-test/spec/bank_account_spec.rb": [
        1,
        null,
        1,
        null,
        1,
        1,
        null,
        null,
        1,
        1,
        1,
        null,
        null,
        1,
        1,
        1,
        1,
        null,
        null,
        1,
        1,
        1,
        1,
        null,
        null,
        1,
        1,
        1,
        1,
        1,
        null,
        null,
        1,
        2,
        null,
        null
      ],
      "/Users/student/Desktop/bank-test/lib/bank_account.rb": [
        1,
        1,
        null,
        1,
        6,
        6,
        6,
        6,
        6,
        null,
        null,
        1,
        4,
        4,
        4,
        4,
        null,
        null,
        1,
        3,
        3,
        2,
        2,
        2,
        null,
        null,
        1,
        6,
        6,
        null,
        null,
        1,
        6,
        6,
        null,
        null,
        null
      ],
      "/Users/student/Desktop/bank-test/spec/statement_spec.rb": [
        null,
        null,
        null,
        null,
        null,
        null,
        null
      ]
    },
    "timestamp": 1569250740
  }
}
