{
  "RSpec": {
    "coverage": {
      "/Users/student/Desktop/bank-test/spec/bank_account_spec.rb": [
        null,
        null,
        1,
        1,
        null,
        1,
        7,
        null,
        1,
        1,
        null,
        null,
        1,
        1,
        1,
        null,
        null,
        1,
        1,
        1,
        1,
        null,
        null,
        1,
        1,
        1,
        1,
        1,
        null,
        null,
        1,
        2,
        null,
        null,
        1,
        2,
        null,
        null
      ],
      "/Users/student/Desktop/bank-test/lib/bank_account.rb": [
        null,
        null,
        1,
        null,
        1,
        1,
        null,
        1,
        7,
        7,
        7,
        7,
        7,
        null,
        null,
        1,
        5,
        5,
        null,
        4,
        4,
        4,
        null,
        null,
        1,
        4,
        4,
        null,
        3,
        3,
        3,
        null,
        null,
        1,
        7,
        7,
        null,
        null,
        1,
        1,
        null,
        null,
        1,
        null,
        1,
        7,
        7,
        null,
        null
      ],
      "/Users/student/Desktop/bank-test/lib/statement.rb": [
        null,
        null,
        1,
        1,
        null,
        1,
        7,
        null,
        null,
        1,
        1,
        1,
        2,
        null,
        null,
        null
      ],
      "/Users/student/Desktop/bank-test/spec/statement_spec.rb": [
        null,
        null,
        1,
        null,
        1,
        null,
        2,
        1,
        null,
        1,
        1,
        1,
        2,
        null,
        null,
        null
      ]
    },
    "timestamp": 1569276782
  }
}
